<?xml version="1.0" encoding="UTF-8"?>
<robot generator="Robot 5.0.1 (Python 3.10.7 on darwin)" generated="20220929 17:33:45.611" rpa="false" schemaversion="3">
<suite id="s1" name="ChargingFee" source="/Users/giovannianthionia/Testing/Testing/SuiteTest/ChargingFee.robot">
<test id="s1-t1" name="TC 001 Filter charging fee" line="15">
<kw name="Open MyHeadless Keyword" library="Browsers">
<kw name="Evaluate" library="BuiltIn">
<var>${options}</var>
<arg>sys.modules['selenium.webdriver'].ChromeOptions()</arg>
<arg>sys, selenium.webdriver</arg>
<doc>Evaluates the given expression in Python and returns the result.</doc>
<msg timestamp="20220929 17:33:45.742" level="INFO">${options} = &lt;selenium.webdriver.chrome.options.Options object at 0x106e0f340&gt;</msg>
<status status="PASS" starttime="20220929 17:33:45.741" endtime="20220929 17:33:45.745"/>
</kw>
<kw name="Call Method" library="BuiltIn">
<arg>${options}</arg>
<arg>add_argument</arg>
<arg>--headless</arg>
<doc>Calls the named method of the given object with the provided arguments.</doc>
<status status="PASS" starttime="20220929 17:33:45.745" endtime="20220929 17:33:45.745"/>
</kw>
<kw name="Call Method" library="BuiltIn">
<arg>${options}</arg>
<arg>add_argument</arg>
<arg>test-type</arg>
<doc>Calls the named method of the given object with the provided arguments.</doc>
<status status="PASS" starttime="20220929 17:33:45.745" endtime="20220929 17:33:45.745"/>
</kw>
<kw name="Call Method" library="BuiltIn">
<arg>${options}</arg>
<arg>add_argument</arg>
<arg>--disable-dev-shm-usage</arg>
<doc>Calls the named method of the given object with the provided arguments.</doc>
<status status="PASS" starttime="20220929 17:33:45.745" endtime="20220929 17:33:45.746"/>
</kw>
<kw name="Call Method" library="BuiltIn">
<arg>${options}</arg>
<arg>add_argument</arg>
<arg>--disable-gpu</arg>
<doc>Calls the named method of the given object with the provided arguments.</doc>
<status status="PASS" starttime="20220929 17:33:45.746" endtime="20220929 17:33:45.746"/>
</kw>
<kw name="Call Method" library="BuiltIn">
<arg>${options}</arg>
<arg>add_argument</arg>
<arg>--disable-extensions</arg>
<doc>Calls the named method of the given object with the provided arguments.</doc>
<status status="PASS" starttime="20220929 17:33:45.746" endtime="20220929 17:33:45.746"/>
</kw>
<kw name="Call Method" library="BuiltIn">
<arg>${options}</arg>
<arg>add_argument</arg>
<arg>--disable-popup-blocking</arg>
<doc>Calls the named method of the given object with the provided arguments.</doc>
<status status="PASS" starttime="20220929 17:33:45.746" endtime="20220929 17:33:45.746"/>
</kw>
<kw name="Call Method" library="BuiltIn">
<arg>${options}</arg>
<arg>add_argument</arg>
<arg>--ignore-certificate-errors</arg>
<doc>Calls the named method of the given object with the provided arguments.</doc>
<status status="PASS" starttime="20220929 17:33:45.746" endtime="20220929 17:33:45.746"/>
</kw>
<kw name="Call Method" library="BuiltIn">
<arg>${options}</arg>
<arg>add_argument</arg>
<arg>--disable-extensions</arg>
<doc>Calls the named method of the given object with the provided arguments.</doc>
<status status="PASS" starttime="20220929 17:33:45.746" endtime="20220929 17:33:45.746"/>
</kw>
<kw name="Call Method" library="BuiltIn">
<arg>${options}</arg>
<arg>add_argument</arg>
<arg>--disable-notifications</arg>
<doc>Calls the named method of the given object with the provided arguments.</doc>
<status status="PASS" starttime="20220929 17:33:45.746" endtime="20220929 17:33:45.746"/>
</kw>
<kw name="Call Method" library="BuiltIn">
<arg>${options}</arg>
<arg>add_argument</arg>
<arg>--disable-infobars</arg>
<doc>Calls the named method of the given object with the provided arguments.</doc>
<status status="PASS" starttime="20220929 17:33:45.747" endtime="20220929 17:33:45.747"/>
</kw>
<kw name="Open Browser" library="SeleniumLibrary">
<arg>${URL_PaymentGateway}</arg>
<arg>${BROWSER}</arg>
<doc>Opens a new browser instance to the optional ``url``.</doc>
<msg timestamp="20220929 17:33:45.747" level="INFO">Opening browser 'chrome' to base url 'https://payment-gateway.misteralad.in/'.</msg>
<status status="PASS" starttime="20220929 17:33:45.747" endtime="20220929 17:33:48.507"/>
</kw>
<kw name="Maximize Browser Window" library="SeleniumLibrary">
<doc>Maximizes current browser window.</doc>
<status status="PASS" starttime="20220929 17:33:48.507" endtime="20220929 17:33:48.646"/>
</kw>
<status status="PASS" starttime="20220929 17:33:45.741" endtime="20220929 17:33:48.647"/>
</kw>
<kw name="Page Login" library="charging_fee">
<kw name="Wait Until Element Is Visible" library="SeleniumLibrary">
<arg>${button_login}</arg>
<doc>Waits until the element ``locator`` is visible.</doc>
<status status="PASS" starttime="20220929 17:33:48.647" endtime="20220929 17:33:48.667"/>
</kw>
<kw name="Click Element" library="SeleniumLibrary">
<arg>${button_login}</arg>
<doc>Click the element identified by ``locator``.</doc>
<msg timestamp="20220929 17:33:48.668" level="INFO">Clicking element 'xpath=//*[@id="__layout"]/div/div[2]/div/div/button'.</msg>
<status status="PASS" starttime="20220929 17:33:48.667" endtime="20220929 17:33:48.690"/>
</kw>
<status status="PASS" starttime="20220929 17:33:48.647" endtime="20220929 17:33:48.691"/>
</kw>
<kw name="Menu Charging Fee" library="charging_fee">
<kw name="Wait Until Element Is Visible" library="SeleniumLibrary">
<arg>${menu_chargingfee}</arg>
<doc>Waits until the element ``locator`` is visible.</doc>
<status status="PASS" starttime="20220929 17:33:48.691" endtime="20220929 17:33:49.121"/>
</kw>
<kw name="Click Element" library="SeleniumLibrary">
<arg>${menu_chargingfee}</arg>
<doc>Click the element identified by ``locator``.</doc>
<msg timestamp="20220929 17:33:49.121" level="INFO">Clicking element 'xpath=//div[@id='__layout']//nav[@class='nav']/div[@class='v-sidebar-menu vsm_expanded vsm_white-theme']//a[@href='/admin/chargingfee']/span[@class='vsm--title']'.</msg>
<status status="PASS" starttime="20220929 17:33:49.121" endtime="20220929 17:33:49.148"/>
</kw>
<status status="PASS" starttime="20220929 17:33:48.691" endtime="20220929 17:33:49.148"/>
</kw>
<kw name="Kombinasi Filter" library="charging_fee">
<kw name="Wait Until Element Is Visible" library="SeleniumLibrary">
<arg>${Dropdown_Status}</arg>
<doc>Waits until the element ``locator`` is visible.</doc>
<status status="PASS" starttime="20220929 17:33:49.149" endtime="20220929 17:33:49.579"/>
</kw>
<kw name="Sleep" library="BuiltIn">
<arg>2s</arg>
<doc>Pauses the test executed for the given time.</doc>
<msg timestamp="20220929 17:33:51.581" level="INFO">Slept 2 seconds</msg>
<status status="PASS" starttime="20220929 17:33:49.579" endtime="20220929 17:33:51.582"/>
</kw>
<kw name="Click Element" library="SeleniumLibrary">
<arg>${Dropdown_Status}</arg>
<doc>Click the element identified by ``locator``.</doc>
<msg timestamp="20220929 17:33:51.584" level="INFO">Clicking element 'css=.input-group .departure:nth-of-type(5) .p-dropdown-label'.</msg>
<status status="PASS" starttime="20220929 17:33:51.583" endtime="20220929 17:33:51.631"/>
</kw>
<kw name="Wait Until Element Is Visible" library="SeleniumLibrary">
<arg>${DropdownStatusActive}</arg>
<doc>Waits until the element ``locator`` is visible.</doc>
<status status="PASS" starttime="20220929 17:33:51.631" endtime="20220929 17:33:51.864"/>
</kw>
<kw name="Click Element" library="SeleniumLibrary">
<arg>${DropdownStatusActive}</arg>
<doc>Click the element identified by ``locator``.</doc>
<msg timestamp="20220929 17:33:51.864" level="INFO">Clicking element 'xpath=/html//div[@id='__layout']/div[@class='main']//main[@class='content']/div[@class='main-content']/div[@class='content']/main/div[2]//ul[@role='listbox']/li[2]'.</msg>
<status status="PASS" starttime="20220929 17:33:51.864" endtime="20220929 17:33:51.892"/>
</kw>
<kw name="Wait Until Element Is Visible" library="SeleniumLibrary">
<arg>${Clear_filter}</arg>
<doc>Waits until the element ``locator`` is visible.</doc>
<status status="PASS" starttime="20220929 17:33:51.892" endtime="20220929 17:33:51.903"/>
</kw>
<kw name="Click Element" library="SeleniumLibrary">
<arg>${Clear_filter}</arg>
<doc>Click the element identified by ``locator``.</doc>
<msg timestamp="20220929 17:33:51.903" level="INFO">Clicking element 'css=.p-button-outlined.p-button'.</msg>
<status status="PASS" starttime="20220929 17:33:51.903" endtime="20220929 17:33:52.256"/>
</kw>
<status status="PASS" starttime="20220929 17:33:49.149" endtime="20220929 17:33:52.256"/>
</kw>
<kw name="Close Browser" library="SeleniumLibrary">
<doc>Closes the current browser.</doc>
<status status="PASS" starttime="20220929 17:33:52.257" endtime="20220929 17:33:52.326"/>
</kw>
<status status="PASS" starttime="20220929 17:33:45.741" endtime="20220929 17:33:52.326"/>
</test>
<status status="PASS" starttime="20220929 17:33:45.613" endtime="20220929 17:33:52.327"/>
</suite>
<statistics>
<total>
<stat pass="1" fail="0" skip="0">All Tests</stat>
</total>
<tag>
</tag>
<suite>
<stat pass="1" fail="0" skip="0" id="s1" name="ChargingFee">ChargingFee</stat>
</suite>
</statistics>
<errors>
</errors>
</robot>
