<?xml version="1.0" encoding="UTF-8"?>
<robot generator="Robot 5.0.1 (Python 3.10.7 on darwin)" generated="20220914 17:46:36.488" rpa="false" schemaversion="3">
<suite id="s1" name="Robotopenbrowser" source="/Users/giovannianthionia/PycharmProjects/untitled/SuiteTest/Robotopenbrowser.robot">
<test id="s1-t1" name="TC001 Open MyHeadless Browsers Keyword" line="16">
<kw name="Open Browser" library="SeleniumLibrary">
<arg>https://payment-gateway.misteralad.in/admin</arg>
<arg>chrome</arg>
<doc>Opens a new browser instance to the optional ``url``.</doc>
<msg timestamp="20220914 17:46:36.801" level="INFO">Opening browser 'chrome' to base url 'https://payment-gateway.misteralad.in/admin'.</msg>
<status status="PASS" starttime="20220914 17:46:36.801" endtime="20220914 17:46:44.399"/>
</kw>
<kw name="Maximize Browser Window" library="SeleniumLibrary">
<doc>Maximizes current browser window.</doc>
<status status="PASS" starttime="20220914 17:46:44.401" endtime="20220914 17:46:44.609"/>
</kw>
<kw name="Close Browser" library="SeleniumLibrary">
<doc>Closes the current browser.</doc>
<status status="PASS" starttime="20220914 17:46:44.610" endtime="20220914 17:46:44.677"/>
</kw>
<doc>Open MyHeadless Browsers Keyword</doc>
<tag>Website Desktop</tag>
<status status="PASS" starttime="20220914 17:46:36.800" endtime="20220914 17:46:44.677"/>
</test>
<status status="PASS" starttime="20220914 17:46:36.489" endtime="20220914 17:46:44.678"/>
</suite>
<statistics>
<total>
<stat pass="1" fail="0" skip="0">All Tests</stat>
</total>
<tag>
<stat pass="1" fail="0" skip="0">Website Desktop</stat>
</tag>
<suite>
<stat pass="1" fail="0" skip="0" id="s1" name="Robotopenbrowser">Robotopenbrowser</stat>
</suite>
</statistics>
<errors>
</errors>
</robot>
